<?xml version="1.0" encoding="UTF-8"?>
<!-- Generated by org.testng.reporters.JUnitReportReporter -->
<testsuite hostname="DESKTOP-6GJULPT" name="Udemy.WebDevelopment" tests="1" failures="0" timestamp="20 May 2020 19:47:52 GMT" time="24.047" errors="0">
  <testcase name="MouseOverWebDevelopment" time="24.047" classname="Udemy.WebDevelopment"/>
</testsuite> <!-- Udemy.WebDevelopment -->
