<?xml version="1.0" encoding="UTF-8"?>
<!-- Generated by org.testng.reporters.JUnitReportReporter -->
<testsuite hostname="DESKTOP-6GJULPT" name="Udemy.DriverSetup" tests="1" failures="0" timestamp="20 May 2020 19:32:07 GMT" time="8.808" errors="0">
  <testcase name="getDriver" time="8.808" classname="Udemy.DriverSetup"/>
</testsuite> <!-- Udemy.DriverSetup -->
