<?xml version="1.0" encoding="UTF-8"?>
<!-- Generated by org.testng.reporters.JUnitReportReporter -->
<testsuite hostname="DESKTOP-6GJULPT" name="Udemy.GetCourseDetails" tests="1" failures="0" timestamp="20 May 2020 19:47:52 GMT" time="0.612" errors="0">
  <testcase name="GetDetails" time="0.612" classname="Udemy.GetCourseDetails"/>
</testsuite> <!-- Udemy.GetCourseDetails -->
