<?xml version="1.0" encoding="UTF-8"?>
<!-- Generated by org.testng.reporters.JUnitReportReporter -->
<testsuite hostname="DESKTOP-6GJULPT" name="Udemy.ApplyFilters" tests="1" failures="0" timestamp="20 May 2020 19:47:52 GMT" time="9.134" errors="0">
  <testcase name="Filter" time="9.134" classname="Udemy.ApplyFilters"/>
</testsuite> <!-- Udemy.ApplyFilters -->
