<?xml version="1.0" encoding="UTF-8"?>
<!-- Generated by org.testng.reporters.JUnitReportReporter -->
<testsuite skipped="0" hostname="DESKTOP-6GJULPT" name="Udemy.WebDevelopment" tests="1" failures="0" timestamp="20 May 2020 20:04:39 GMT" time="20.566" errors="0">
  <testcase name="MouseOverWebDevelopment" time="20.566" classname="Udemy.WebDevelopment"/>
</testsuite> <!-- Udemy.WebDevelopment -->
