<?xml version="1.0" encoding="UTF-8"?>
<!-- Generated by org.testng.reporters.JUnitReportReporter -->
<testsuite skipped="0" hostname="DESKTOP-6GJULPT" name="Udemy.ApplyFilters" tests="1" failures="0" timestamp="20 May 2020 20:04:39 GMT" time="9.170" errors="0">
  <testcase name="Filter" time="9.170" classname="Udemy.ApplyFilters"/>
</testsuite> <!-- Udemy.ApplyFilters -->
