<?xml version="1.0" encoding="UTF-8"?>
<!-- Generated by org.testng.reporters.JUnitReportReporter -->
<testsuite skipped="0" hostname="DESKTOP-6GJULPT" name="Udemy.GetCourseDetails" tests="1" failures="0" timestamp="20 May 2020 20:04:39 GMT" time="5.742" errors="0">
  <testcase name="GetDetails" time="5.742" classname="Udemy.GetCourseDetails"/>
</testsuite> <!-- Udemy.GetCourseDetails -->
